# JRE version: OpenJDK Runtime Environment (17.0) (fastdebug build 17-internal+0-adhoc.thomas.source)
# Java VM: OpenJDK 64-Bit Server VM (fastdebug 17-internal+0-adhoc.thomas.source, mixed mode, tiered, compressed oops, compressed class ptrs, g1 gc, linux-amd64)
GC Precious Log:
 CPUs: 8 total, 8 available
 Memory: 15977M
 Large Page Support: Disabled
 NUMA Support: Disabled
 Compressed Oops: Enabled (Zero based)
 Heap Region Size: 2M
 Heap Min Capacity: 8M
 Heap Initial Capacity: 8M
 Heap Max Capacity: 3996M
 Pre-touch: Disabled
 Parallel Workers: 8
 Concurrent Workers: 2
 Concurrent Refinement Workers: 8
 Periodic GC: Disabled
Heap:
 garbage-first heap   total 28672K, used 9510K [0x0000000706400000, 0x0000000800000000)
  region size 2048K, 4 young (8192K), 1 survivors (2048K)
 Metaspace       used 10032K, committed 10304K, reserved 1064960K
  class space    used 956K, committed 1088K, reserved 1048576K
GC Heap History (18 events):
Event: 0.251 GC heap before
{Heap before GC invocations=0 (full 0):
 garbage-first heap   total 8192K, used 2048K [0x0000000706400000, 0x0000000800000000)
  region size 2048K, 1 young (2048K), 0 survivors (0K)
 Metaspace       used 6008K, committed 6208K, reserved 1056768K
  class space    used 507K, committed 640K, reserved 1048576K
}
Event: 0.255 GC heap after
{Heap after GC invocations=1 (full 0):
 garbage-first heap   total 8192K, used 768K [0x0000000706400000, 0x0000000800000000)
  region size 2048K, 1 young (2048K), 1 survivors (2048K)
 Metaspace       used 6008K, committed 6208K, reserved 1056768K
  class space    used 507K, committed 640K, reserved 1048576K
}
Event: 0.339 GC heap before
{Heap before GC invocations=1 (full 0):
 garbage-first heap   total 8192K, used 2816K [0x0000000706400000, 0x0000000800000000)
  region size 2048K, 2 young (4096K), 1 survivors (2048K)
 Metaspace       used 6636K, committed 6784K, reserved 1056768K
  class space    used 561K, committed 640K, reserved 1048576K
}
Event: 0.343 GC heap after
{Heap after GC invocations=2 (full 0):
 garbage-first heap   total 8192K, used 904K [0x0000000706400000, 0x0000000800000000)
  region size 2048K, 1 young (2048K), 1 survivors (2048K)
 Metaspace       used 6636K, committed 6784K, reserved 1056768K
  class space    used 561K, committed 640K, reserved 1048576K
}
Event: 0.449 GC heap before
{Heap before GC invocations=2 (full 0):
 garbage-first heap   total 8192K, used 2952K [0x0000000706400000, 0x0000000800000000)
  region size 2048K, 2 young (4096K), 1 survivors (2048K)
 Metaspace       used 7752K, committed 7872K, reserved 1056768K
  class space    used 670K, committed 704K, reserved 1048576K
}
Event: 0.454 GC heap after
{Heap after GC invocations=3 (full 0):
 garbage-first heap   total 8192K, used 1049K [0x0000000706400000, 0x0000000800000000)
  region size 2048K, 1 young (2048K), 1 survivors (2048K)
 Metaspace       used 7752K, committed 7872K, reserved 1056768K
  class space    used 670K, committed 704K, reserved 1048576K
}
Event: 0.496 GC heap before
{Heap before GC invocations=3 (full 0):
 garbage-first heap   total 8192K, used 3097K [0x0000000706400000, 0x0000000800000000)
  region size 2048K, 2 young (4096K), 1 survivors (2048K)
 Metaspace       used 7765K, committed 7872K, reserved 1056768K
  class space    used 670K, committed 704K, reserved 1048576K
}
Event: 0.501 GC heap after
{Heap after GC invocations=4 (full 0):
 garbage-first heap   total 8192K, used 1076K [0x0000000706400000, 0x0000000800000000)
  region size 2048K, 1 young (2048K), 1 survivors (2048K)
 Metaspace       used 7765K, committed 7872K, reserved 1056768K
  class space    used 670K, committed 704K, reserved 1048576K
}
Event: 0.537 GC heap before
{Heap before GC invocations=4 (full 0):
 garbage-first heap   total 8192K, used 3124K [0x0000000706400000, 0x0000000800000000)
  region size 2048K, 2 young (4096K), 1 survivors (2048K)
 Metaspace       used 7791K, committed 8000K, reserved 1056768K
  class space    used 670K, committed 768K, reserved 1048576K
}
Event: 0.545 GC heap after
{Heap after GC invocations=5 (full 0):
 garbage-first heap   total 14336K, used 1149K [0x0000000706400000, 0x0000000800000000)
  region size 2048K, 1 young (2048K), 1 survivors (2048K)
 Metaspace       used 7791K, committed 8000K, reserved 1056768K
  class space    used 670K, committed 768K, reserved 1048576K
}
Event: 0.647 GC heap before
{Heap before GC invocations=5 (full 0):
 garbage-first heap   total 14336K, used 7293K [0x0000000706400000, 0x0000000800000000)
  region size 2048K, 4 young (8192K), 1 survivors (2048K)
 Metaspace       used 7833K, committed 8000K, reserved 1056768K
  class space    used 670K, committed 768K, reserved 1048576K
}
Event: 0.654 GC heap after
{Heap after GC invocations=6 (full 0):
 garbage-first heap   total 14336K, used 1197K [0x0000000706400000, 0x0000000800000000)
  region size 2048K, 1 young (2048K), 1 survivors (2048K)
 Metaspace       used 7833K, committed 8000K, reserved 1056768K
  class space    used 670K, committed 768K, reserved 1048576K
}
Event: 0.754 GC heap before
{Heap before GC invocations=6 (full 0):
 garbage-first heap   total 14336K, used 7341K [0x0000000706400000, 0x0000000800000000)
  region size 2048K, 4 young (8192K), 1 survivors (2048K)
 Metaspace       used 7851K, committed 8000K, reserved 1056768K
  class space    used 670K, committed 768K, reserved 1048576K
}
Event: 0.761 GC heap after
{Heap after GC invocations=7 (full 0):
 garbage-first heap   total 14336K, used 1244K [0x0000000706400000, 0x0000000800000000)
  region size 2048K, 1 young (2048K), 1 survivors (2048K)
 Metaspace       used 7851K, committed 8000K, reserved 1056768K
  class space    used 670K, committed 768K, reserved 1048576K
}
Event: 0.982 GC heap before
{Heap before GC invocations=7 (full 0):
 garbage-first heap   total 14336K, used 7388K [0x0000000706400000, 0x0000000800000000)
  region size 2048K, 4 young (8192K), 1 survivors (2048K)
 Metaspace       used 9210K, committed 9472K, reserved 1064960K
  class space    used 850K, committed 960K, reserved 1048576K
}
Event: 0.991 GC heap after
{Heap after GC invocations=8 (full 0):
 garbage-first heap   total 14336K, used 2605K [0x0000000706400000, 0x0000000800000000)
  region size 2048K, 1 young (2048K), 1 survivors (2048K)
 Metaspace       used 9210K, committed 9472K, reserved 1064960K
  class space    used 850K, committed 960K, reserved 1048576K
}
Event: 1.088 GC heap before
{Heap before GC invocations=8 (full 0):
 garbage-first heap   total 14336K, used 6701K [0x0000000706400000, 0x0000000800000000)
  region size 2048K, 3 young (6144K), 1 survivors (2048K)
 Metaspace       used 9581K, committed 9792K, reserved 1064960K
  class space    used 895K, committed 1024K, reserved 1048576K
}
Event: 1.108 GC heap after
{Heap after GC invocations=9 (full 0):
 garbage-first heap   total 28672K, used 5414K [0x0000000706400000, 0x0000000800000000)
  region size 2048K, 1 young (2048K), 1 survivors (2048K)
 Metaspace       used 9581K, committed 9792K, reserved 1064960K
  class space    used 895K, committed 1024K, reserved 1048576K
}

