<?xml version="1.0" encoding="UTF-8"?>
<testsuite xmlns:xsi="http://www.w3.org/2001/XMLSchema-instance" xsi:noNamespaceSchemaLocation="https://maven.apache.org/surefire/maven-surefire-plugin/xsd/surefire-test-report-3.0.xsd" version="3.0" name="com.sun.hotspot.tools.compiler.TestCompare" time="0.855" tests="2" errors="0" skipped="0" failures="0">
  <properties>
[...]
</properties>
  <testcase name="testDashC[0]" classname="com.sun.hotspot.tools.compiler.TestCompare" time="0.085"/>
  <testcase name="testDashC[1]" classname="com.sun.hotspot.tools.compiler.TestCompare" time="0.018"/>
</testsuite>